<?xml version="1.0" encoding="UTF-8"?>
<testng-results skipped="0" failed="0" total="1" passed="1">
  <reporter-output>
  </reporter-output>
  <suite name="Default suite" duration-ms="57932" started-at="2020-07-13T11:13:10Z" finished-at="2020-07-13T11:14:08Z">
    <groups>
      <group name="cucumber">
        <method signature="AbstractTestNGCucumberTests.feature(cucumber.api.testng.CucumberFeatureWrapper)[pri:0, instance:com.assignment.testrunner.TestRunner@5622fdf]" name="feature" class="cucumber.api.testng.AbstractTestNGCucumberTests"/>
      </group> <!-- cucumber -->
    </groups>
    <test name="Default test" duration-ms="57932" started-at="2020-07-13T11:13:10Z" finished-at="2020-07-13T11:14:08Z">
      <class name="com.assignment.testrunner.TestRunner">
        <test-method status="PASS" signature="setUpClass()[pri:0, instance:com.assignment.testrunner.TestRunner@5622fdf]" name="setUpClass" is-config="true" duration-ms="940" started-at="2020-07-13T16:43:10Z" finished-at="2020-07-13T16:43:11Z">
          <reporter-output>
          </reporter-output>
        </test-method> <!-- setUpClass -->
        <test-method status="PASS" signature="feature(cucumber.api.testng.CucumberFeatureWrapper)[pri:0, instance:com.assignment.testrunner.TestRunner@5622fdf]" name="feature" duration-ms="56693" started-at="2020-07-13T16:43:11Z" description="Runs Cucumber Feature" data-provider="features" finished-at="2020-07-13T16:44:08Z">
          <params>
            <param index="0">
              <value>
                <![CDATA[to register and send mail after successfull validation of profile]]>
              </value>
            </param>
          </params>
          <reporter-output>
          </reporter-output>
        </test-method> <!-- feature -->
        <test-method status="PASS" signature="tearDownClass()[pri:0, instance:com.assignment.testrunner.TestRunner@5622fdf]" name="tearDownClass" is-config="true" duration-ms="27" started-at="2020-07-13T16:44:08Z" finished-at="2020-07-13T16:44:08Z">
          <reporter-output>
          </reporter-output>
        </test-method> <!-- tearDownClass -->
      </class> <!-- com.assignment.testrunner.TestRunner -->
    </test> <!-- Default test -->
  </suite> <!-- Default suite -->
</testng-results>
